Determining if the pthread_create exist failed with the following output:
Change Dir: /home/david/catkin_ws/build/CMakeFiles/CMakeTmp

Run Build Command:"/usr/bin/make" "cmTC_9772d/fast"
/usr/bin/make -f CMakeFiles/cmTC_9772d.dir/build.make CMakeFiles/cmTC_9772d.dir/build
make[1]: Entering directory '/home/david/catkin_ws/build/CMakeFiles/CMakeTmp'
Building C object CMakeFiles/cmTC_9772d.dir/CheckSymbolExists.c.o
/usr/bin/cc     -o CMakeFiles/cmTC_9772d.dir/CheckSymbolExists.c.o   -c /home/david/catkin_ws/build/CMakeFiles/CMakeTmp/CheckSymbolExists.c
Linking C executable cmTC_9772d
/usr/bin/cmake -E cmake_link_script CMakeFiles/cmTC_9772d.dir/link.txt --verbose=1
/usr/bin/cc       CMakeFiles/cmTC_9772d.dir/CheckSymbolExists.c.o  -o cmTC_9772d -rdynamic 
CMakeFiles/cmTC_9772d.dir/CheckSymbolExists.c.o: In function `main':
CheckSymbolExists.c:(.text+0x16): undefined reference to `pthread_create'
collect2: error: ld returned 1 exit status
CMakeFiles/cmTC_9772d.dir/build.make:97: recipe for target 'cmTC_9772d' failed
make[1]: *** [cmTC_9772d] Error 1
make[1]: Leaving directory '/home/david/catkin_ws/build/CMakeFiles/CMakeTmp'
Makefile:126: recipe for target 'cmTC_9772d/fast' failed
make: *** [cmTC_9772d/fast] Error 2

File /home/david/catkin_ws/build/CMakeFiles/CMakeTmp/CheckSymbolExists.c:
/* */
#include <pthread.h>

int main(int argc, char** argv)
{
  (void)argv;
#ifndef pthread_create
  return ((int*)(&pthread_create))[argc];
#else
  (void)argc;
  return 0;
#endif
}

Determining if the function pthread_create exists in the pthreads failed with the following output:
Change Dir: /home/david/catkin_ws/build/CMakeFiles/CMakeTmp

Run Build Command:"/usr/bin/make" "cmTC_43f23/fast"
/usr/bin/make -f CMakeFiles/cmTC_43f23.dir/build.make CMakeFiles/cmTC_43f23.dir/build
make[1]: Entering directory '/home/david/catkin_ws/build/CMakeFiles/CMakeTmp'
Building C object CMakeFiles/cmTC_43f23.dir/CheckFunctionExists.c.o
/usr/bin/cc    -DCHECK_FUNCTION_EXISTS=pthread_create   -o CMakeFiles/cmTC_43f23.dir/CheckFunctionExists.c.o   -c /usr/share/cmake-3.5/Modules/CheckFunctionExists.c
Linking C executable cmTC_43f23
/usr/bin/cmake -E cmake_link_script CMakeFiles/cmTC_43f23.dir/link.txt --verbose=1
/usr/bin/cc   -DCHECK_FUNCTION_EXISTS=pthread_create    CMakeFiles/cmTC_43f23.dir/CheckFunctionExists.c.o  -o cmTC_43f23 -rdynamic -lpthreads 
/usr/bin/ld: cannot find -lpthreads
collect2: error: ld returned 1 exit status
CMakeFiles/cmTC_43f23.dir/build.make:97: recipe for target 'cmTC_43f23' failed
make[1]: *** [cmTC_43f23] Error 1
make[1]: Leaving directory '/home/david/catkin_ws/build/CMakeFiles/CMakeTmp'
Makefile:126: recipe for target 'cmTC_43f23/fast' failed
make: *** [cmTC_43f23/fast] Error 2


Determining if the Q_WS_WIN exist failed with the following output:
Change Dir: /home/david/catkin_ws/build/CMakeFiles/CMakeTmp

Run Build Command:"/usr/bin/make" "cmTC_a99de/fast"
/usr/bin/make -f CMakeFiles/cmTC_a99de.dir/build.make CMakeFiles/cmTC_a99de.dir/build
make[1]: Entering directory '/home/david/catkin_ws/build/CMakeFiles/CMakeTmp'
Building CXX object CMakeFiles/cmTC_a99de.dir/CheckSymbolExists.cxx.o
/usr/bin/c++    -I/usr/include/qt4   -o CMakeFiles/cmTC_a99de.dir/CheckSymbolExists.cxx.o -c /home/david/catkin_ws/build/CMakeFiles/CMakeTmp/CheckSymbolExists.cxx
/home/david/catkin_ws/build/CMakeFiles/CMakeTmp/CheckSymbolExists.cxx: In function ‘int main(int, char**)’:
/home/david/catkin_ws/build/CMakeFiles/CMakeTmp/CheckSymbolExists.cxx:8:19: error: ‘Q_WS_WIN’ was not declared in this scope
   return ((int*)(&Q_WS_WIN))[argc];
                   ^
CMakeFiles/cmTC_a99de.dir/build.make:65: recipe for target 'CMakeFiles/cmTC_a99de.dir/CheckSymbolExists.cxx.o' failed
make[1]: *** [CMakeFiles/cmTC_a99de.dir/CheckSymbolExists.cxx.o] Error 1
make[1]: Leaving directory '/home/david/catkin_ws/build/CMakeFiles/CMakeTmp'
Makefile:126: recipe for target 'cmTC_a99de/fast' failed
make: *** [cmTC_a99de/fast] Error 2

File /home/david/catkin_ws/build/CMakeFiles/CMakeTmp/CheckSymbolExists.cxx:
/* */
#include <QtCore/qglobal.h>

int main(int argc, char** argv)
{
  (void)argv;
#ifndef Q_WS_WIN
  return ((int*)(&Q_WS_WIN))[argc];
#else
  (void)argc;
  return 0;
#endif
}

Determining if the Q_WS_QWS exist failed with the following output:
Change Dir: /home/david/catkin_ws/build/CMakeFiles/CMakeTmp

Run Build Command:"/usr/bin/make" "cmTC_3c08b/fast"
/usr/bin/make -f CMakeFiles/cmTC_3c08b.dir/build.make CMakeFiles/cmTC_3c08b.dir/build
make[1]: Entering directory '/home/david/catkin_ws/build/CMakeFiles/CMakeTmp'
Building CXX object CMakeFiles/cmTC_3c08b.dir/CheckSymbolExists.cxx.o
/usr/bin/c++    -I/usr/include/qt4   -o CMakeFiles/cmTC_3c08b.dir/CheckSymbolExists.cxx.o -c /home/david/catkin_ws/build/CMakeFiles/CMakeTmp/CheckSymbolExists.cxx
/home/david/catkin_ws/build/CMakeFiles/CMakeTmp/CheckSymbolExists.cxx: In function ‘int main(int, char**)’:
/home/david/catkin_ws/build/CMakeFiles/CMakeTmp/CheckSymbolExists.cxx:8:19: error: ‘Q_WS_QWS’ was not declared in this scope
   return ((int*)(&Q_WS_QWS))[argc];
                   ^
CMakeFiles/cmTC_3c08b.dir/build.make:65: recipe for target 'CMakeFiles/cmTC_3c08b.dir/CheckSymbolExists.cxx.o' failed
make[1]: *** [CMakeFiles/cmTC_3c08b.dir/CheckSymbolExists.cxx.o] Error 1
make[1]: Leaving directory '/home/david/catkin_ws/build/CMakeFiles/CMakeTmp'
Makefile:126: recipe for target 'cmTC_3c08b/fast' failed
make: *** [cmTC_3c08b/fast] Error 2

File /home/david/catkin_ws/build/CMakeFiles/CMakeTmp/CheckSymbolExists.cxx:
/* */
#include <QtCore/qglobal.h>

int main(int argc, char** argv)
{
  (void)argv;
#ifndef Q_WS_QWS
  return ((int*)(&Q_WS_QWS))[argc];
#else
  (void)argc;
  return 0;
#endif
}

Determining if the Q_WS_MAC exist failed with the following output:
Change Dir: /home/david/catkin_ws/build/CMakeFiles/CMakeTmp

Run Build Command:"/usr/bin/make" "cmTC_a713e/fast"
/usr/bin/make -f CMakeFiles/cmTC_a713e.dir/build.make CMakeFiles/cmTC_a713e.dir/build
make[1]: Entering directory '/home/david/catkin_ws/build/CMakeFiles/CMakeTmp'
Building CXX object CMakeFiles/cmTC_a713e.dir/CheckSymbolExists.cxx.o
/usr/bin/c++    -I/usr/include/qt4   -o CMakeFiles/cmTC_a713e.dir/CheckSymbolExists.cxx.o -c /home/david/catkin_ws/build/CMakeFiles/CMakeTmp/CheckSymbolExists.cxx
/home/david/catkin_ws/build/CMakeFiles/CMakeTmp/CheckSymbolExists.cxx: In function ‘int main(int, char**)’:
/home/david/catkin_ws/build/CMakeFiles/CMakeTmp/CheckSymbolExists.cxx:8:19: error: ‘Q_WS_MAC’ was not declared in this scope
   return ((int*)(&Q_WS_MAC))[argc];
                   ^
CMakeFiles/cmTC_a713e.dir/build.make:65: recipe for target 'CMakeFiles/cmTC_a713e.dir/CheckSymbolExists.cxx.o' failed
make[1]: *** [CMakeFiles/cmTC_a713e.dir/CheckSymbolExists.cxx.o] Error 1
make[1]: Leaving directory '/home/david/catkin_ws/build/CMakeFiles/CMakeTmp'
Makefile:126: recipe for target 'cmTC_a713e/fast' failed
make: *** [cmTC_a713e/fast] Error 2

File /home/david/catkin_ws/build/CMakeFiles/CMakeTmp/CheckSymbolExists.cxx:
/* */
#include <QtCore/qglobal.h>

int main(int argc, char** argv)
{
  (void)argv;
#ifndef Q_WS_MAC
  return ((int*)(&Q_WS_MAC))[argc];
#else
  (void)argc;
  return 0;
#endif
}

